W0422 15:20:29.812023 128675 gpu_resources.cc:119] Please NOTE: device: 0, GPU Compute Capability: 90.0, Driver API Version: 50400.0, Runtime API Version: 50400.0
I0422 15:20:30.276155 128675 build_cinn_pass.cc:702] --- [build_cinn_pass] detected 77 cinn supported subgraphs
W0422 15:20:32.437166 128675 tensor.cc:405] The `is_initialized` method is deprecated since version 2.3, and will be removed in version 2.4! Please use `initialized` method instead.
I0422 15:20:32.437548 128675 program_interpreter.cc:221] New Executor is Running.
I0422 15:22:41.275785 128675 chrometracing_logger.cc:46] writing profiling data to ./profiler_data/resnet18/hygon/bs128_withcinn_time_2024_04_22_15_22_41_275454.paddle_trace.json
all prim enabled:  True
all prim enabled:  True
all prim enabled:  True
--[check_cinn_ouput] cinn result right.
--[benchmark] benchmark nocinn
--[benchmark] Run for 50 times, the average latency is:54.084010 ms
--[benchmark] benchmark cinn
--[benchmark] Run for 50 times, the average latency is:38.444815 ms
--[profile] profile cinn
============================================Perf Summary============================================
Time Unit: s, IPS Unit: steps/s
|                 |       avg       |       max       |       min       |
|    batch_cost   |     0.04798     |     0.07235     |     0.03823     |
|       ips       |     20.84220    |     26.15680    |     13.82185    |
-------------------Device Summary-------------------
------------------------------  --------------------  
Device                          Utilization (%)       
------------------------------  --------------------  
CPU(Process)                    300.00                
CPU(System)                     2.32                  
GPU8                            0.00                  
GPU7                            92.39                 
------------------------------  --------------------  
Note:
CPU(Process) Utilization = Current process CPU time over all cpu cores / elapsed time, so max utilization can be reached 100% * number of cpu cores.
CPU(System) Utilization = All processes CPU time over all cpu cores(busy time) / (busy time + idle time).
GPU Utilization = Current process GPU time / elapsed time.
----------------------------------------------------


---------------------------------------------Overview Summary---------------------------------------------
Time unit: ms
-------------------------  -------------------------  -------------------------  -------------------------  
Event Type                 Calls                      CPU Time                   Ratio (%)                  
-------------------------  -------------------------  -------------------------  -------------------------  
ProfileStep                2                          77.30                      100.00                     
  PythonUserDefined        2                          77.21                      99.88                      
  CudaRuntime              951                        57.99                      75.03                      
  Forward                  2                          21.84                      28.25                      
  UserDefined              6                          20.45                      26.46                      
  Operator                 398                        20.02                      25.90                      
  OperatorInner            796                        18.82                      24.35                      
-------------------------  -------------------------  -------------------------  -------------------------  
                           Calls                      GPU Time                   Ratio (%)                  
-------------------------  -------------------------  -------------------------  -------------------------  
  Memset                   30                         0.13                       0.17                       
  Memcpy                   72                         0.33                       0.42                       
  Kernel                   111                        71.41                      92.39                      
-------------------------  -------------------------  -------------------------  -------------------------  
Note:
In this table, We sum up all collected events in terms of event type.
The time of events collected on host are presented as CPU Time, and as GPU Time if on device.
Events with different types may overlap or inclusion, e.g. Operator includes OperatorInner, so the sum of ratios is not 100%.
The time of events in the same type with overlap will not calculate twice, and all time is summed after merged.
Example:
Thread 1:
  Operator: |___________|     |__________|
Thread 2:
  Operator:   |____________|     |___|
After merged:
  Result:   |______________|  |__________|

----------------------------------------------------------------------------------------------------------


-----------------------------------------------Model Summary-----------------------------------------------
Time unit: ms
---------------  ------  ----------------------------------------  ----------------------------------------  
Name             Calls   CPU Total / Avg / Max / Min / Ratio(%)    GPU Total / Avg / Max / Min / Ratio(%)    
---------------  ------  ----------------------------------------  ----------------------------------------  
ProfileStep      2       77.30 / 38.65 / 38.66 / 38.64 / 100.00    71.41 / 35.71 / 36.26 / 35.16 / 100.00    
  Forward        2       21.84 / 10.92 / 10.94 / 10.90 / 28.25     71.41 / 35.71 / 36.26 / 35.16 / 100.00    
  Others         -       55.46 / - / - / - / 71.75                 0.00 / - / - / - / 0.00                   
---------------  ------  ----------------------------------------  ----------------------------------------  
Note:
In this table, GPU time is the sum of all device(GPU) events called in the phase.
Unlike overview summary, if two device(GPU) events execute on different streams with overlap time, we sum them directly here.

-----------------------------------------------------------------------------------------------------------


----------------------------------------------------------------------Operator Summary----------------------------------------------------------------------
Time unit: ms
----------------------------------------------------  ------  ----------------------------------------  ----------------------------------------  ----------  
Name                                                  Calls   CPU Total / Avg / Max / Min / Ratio(%)    GPU Total / Avg / Max / Min / Ratio(%)    FLOPs       
----------------------------------------------------  ------  ----------------------------------------  ----------------------------------------  ----------  
-----------------------------------------------------------------Thread: All threads merged-----------------------------------------------------------------
conv2d                                                40      10.68 / 0.27 / 0.32 / 0.25 / 42.67        57.47 / 1.44 / 3.59 / 0.23 / 76.59        0           
  infer_shape                                         40      0.26 / 0.01 / 0.01 / 0.01 / 2.42          0.00 / 0.00 / 0.00 / 0.00 / 0.00          -           
  compute                                             40      10.07 / 0.25 / 0.31 / 0.23 / 94.35        57.47 / 1.44 / 3.59 / 0.23 / 100.00       -           
    miopenSp3AsmConv_v21_1_3_gfx9_fp32_stride1        26      - / - / - / - / -                         38.98 / 1.50 / 1.76 / 1.35 / 67.83        -           
    igemm_v4r1_1x1_dynamic_128x128x16_8x8_4x4x4x4...  4       - / - / - / - / -                         0.96 / 0.24 / 0.25 / 0.23 / 1.66          -           
    igemm_v4r1_dynamic_128x128x16_8x8_4x4x4x4x4x4...  6       - / - / - / - / -                         9.98 / 1.66 / 1.83 / 1.57 / 17.37         -           
    con_1x1_p0_s2_wh64_k64_n_c16_asm                  2       - / - / - / - / -                         0.47 / 0.23 / 0.23 / 0.23 / 0.81          -           
    miopenGcnAsmConv7x7c3h224w224k64u2v2p3q3f1        2       - / - / - / - / -                         7.08 / 3.54 / 3.59 / 3.50 / 12.32         -           
cinn_launch                                           154     9.34 / 0.06 / 0.23 / 0.03 / 37.34         14.40 / 0.09 / 3.18 / 0.00 / 19.19        0           
  infer_shape                                         154     0.23 / 0.00 / 0.00 / 0.00 / 2.42          0.00 / 0.00 / 0.00 / 0.00 / 0.00          -           
  compute                                             154     8.26 / 0.05 / 0.22 / 0.03 / 88.42         14.40 / 0.09 / 3.18 / 0.00 / 100.00       -           
    MEMSET                                            29      - / - / - / - / -                         0.13 / 0.00 / 0.00 / 0.00 / 0.89          -           
    MEMCPY_DtoD                                       59      - / - / - / - / -                         0.26 / 0.00 / 0.00 / 0.00 / 1.83          -           
    fn_fill_constant_4_fill_constant_8_pow_9_25_k...  2       - / - / - / - / -                         0.01 / 0.00 / 0.00 / 0.00 / 0.06          -           
    fn_reshape_0_reshape_1_reshape_2_reshape_3_br...  2       - / - / - / - / -                         0.13 / 0.07 / 0.07 / 0.07 / 0.90          -           
    fn_reshape_0_reshape_1_reshape_2_reshape_3_br...  16      - / - / - / - / -                         3.59 / 0.22 / 0.48 / 0.06 / 24.96         -           
    fn_fill_constant_9_fill_constant_18_pow_19_39...  4       - / - / - / - / -                         0.02 / 0.00 / 0.01 / 0.00 / 0.14          -           
    fn_reshape_0_reshape_1_reshape_2_reshape_3_re...  6       - / - / - / - / -                         1.40 / 0.23 / 0.40 / 0.10 / 9.74          -           
    fn_fill_constant_4_fill_constant_8_pow_9_19_k...  10      - / - / - / - / -                         0.04 / 0.00 / 0.00 / 0.00 / 0.28          -           
    fn_fill_constant_4_fill_constant_8_pow_9_20_k...  10      - / - / - / - / -                         0.04 / 0.00 / 0.00 / 0.00 / 0.26          -           
    fn_reshape_0_reshape_1_reshape_2_reshape_3_br...  6       - / - / - / - / -                         1.76 / 0.29 / 0.50 / 0.13 / 12.24         -           
    fn_fill_constant_8_fill_constant_16_pow_17_38...  3       - / - / - / - / -                         0.01 / 0.00 / 0.00 / 0.00 / 0.08          -           
    fn_reshape_0_reshape_1_reshape_2_reshape_3_br...  2       - / - / - / - / -                         3.84 / 1.92 / 1.92 / 1.92 / 26.63         -           
cinn_instruction_run                                  204     5.00 / 0.02 / 0.05 / 0.02 / 19.99         3.16 / 0.02 / 1.26 / 0.00 / 4.22          0           
  infer_shape                                         204     0.69 / 0.00 / 0.01 / 0.00 / 13.70         0.00 / 0.00 / 0.00 / 0.00 / 0.00          -           
  compute                                             204     3.49 / 0.02 / 0.04 / 0.01 / 69.73         0.01 / 0.00 / 0.00 / 0.00 / 0.28          -           
    MEMCPY_DtoD                                       2       - / - / - / - / -                         0.01 / 0.00 / 0.00 / 0.00 / 100.00        -           
  MEMSET                                              1       - / - / - / - / -                         0.00 / 0.00 / 0.00 / 0.00 / 0.14          -           
  MEMCPY_DtoD                                         11      - / - / - / - / -                         0.05 / 0.00 / 0.01 / 0.00 / 1.67          -           
  fn_broadcast_to_24_elementwise_add_25_30_kernel     2       - / - / - / - / -                         0.01 / 0.00 / 0.00 / 0.00 / 0.30          -           
  fn_matmul_23_29_kernel                              2       - / - / - / - / -                         0.44 / 0.22 / 0.22 / 0.22 / 13.77         -           
  fn_pool2d_21_27_kernel                              2       - / - / - / - / -                         0.12 / 0.06 / 0.06 / 0.06 / 3.89          -           
  fn_fill_constant_8_fill_constant_16_pow_17_38_k...  2       - / - / - / - / -                         0.01 / 0.00 / 0.00 / 0.00 / 0.25          -           
  fn_pool2d_20_22_kernel                              2       - / - / - / - / -                         2.52 / 1.26 / 1.26 / 1.26 / 79.69         -           
----------------------------------------------------  ------  ----------------------------------------  ----------------------------------------  ----------  


---------------------------------------------------------------Kernel Summary---------------------------------------------------------------
Time unit: ms
------------------------------------------------------------------------------------------  ------  ----------------------------------------  
Name                                                                                        Calls   GPU Total / Avg / Max / Min / Ratio(%)    
------------------------------------------------------------------------------------------  ------  ----------------------------------------  
miopenSp3AsmConv_v21_1_3_gfx9_fp32_stride1                                                  26      38.98 / 1.50 / 1.76 / 1.35 / 54.59        
igemm_v4r1_dynamic_128x128x16_8x8_4x4x4x4x4x4_16x1x16x1_4x64                                6       9.98 / 1.66 / 1.83 / 1.57 / 13.98         
miopenGcnAsmConv7x7c3h224w224k64u2v2p3q3f1                                                  2       7.08 / 3.54 / 3.59 / 3.50 / 9.92          
fn_reshape_0_reshape_1_reshape_2_reshape_3_broadcast_to_5_scale_7_fill_constant_10_pow_...  2       3.84 / 1.92 / 1.92 / 1.92 / 5.37          
fn_reshape_0_reshape_1_reshape_2_reshape_3_broadcast_to_5_scale_7_fill_constant_10_pow_...  16      3.59 / 0.22 / 0.48 / 0.06 / 5.03          
fn_pool2d_20_22_kernel                                                                      2       2.52 / 1.26 / 1.26 / 1.26 / 3.53          
fn_reshape_0_reshape_1_reshape_2_reshape_3_broadcast_to_5_scale_7_fill_constant_10_pow_...  6       1.76 / 0.29 / 0.50 / 0.13 / 2.47          
fn_reshape_0_reshape_1_reshape_2_reshape_3_reshape_4_reshape_5_reshape_6_reshape_7_broa...  6       1.40 / 0.23 / 0.40 / 0.10 / 1.96          
igemm_v4r1_1x1_dynamic_128x128x16_8x8_4x4x4x4x4x4_16x1x16x1_4x64                            4       0.96 / 0.24 / 0.25 / 0.23 / 1.34          
con_1x1_p0_s2_wh64_k64_n_c16_asm                                                            2       0.47 / 0.23 / 0.23 / 0.23 / 0.65          
fn_matmul_23_29_kernel                                                                      2       0.44 / 0.22 / 0.22 / 0.22 / 0.61          
fn_reshape_0_reshape_1_reshape_2_reshape_3_broadcast_to_5_scale_7_fill_constant_10_pow_...  2       0.13 / 0.07 / 0.07 / 0.07 / 0.18          
fn_pool2d_21_27_kernel                                                                      2       0.12 / 0.06 / 0.06 / 0.06 / 0.17          
fn_fill_constant_4_fill_constant_8_pow_9_19_kernel                                          10      0.04 / 0.00 / 0.00 / 0.00 / 0.06          
fn_fill_constant_4_fill_constant_8_pow_9_20_kernel                                          10      0.04 / 0.00 / 0.00 / 0.00 / 0.05          
fn_fill_constant_9_fill_constant_18_pow_19_39_kernel                                        4       0.02 / 0.00 / 0.01 / 0.00 / 0.03          
fn_fill_constant_8_fill_constant_16_pow_17_38_kernel                                        5       0.02 / 0.00 / 0.00 / 0.00 / 0.03          
fn_broadcast_to_24_elementwise_add_25_30_kernel                                             2       0.01 / 0.00 / 0.00 / 0.00 / 0.01          
fn_fill_constant_4_fill_constant_8_pow_9_25_kernel                                          2       0.01 / 0.00 / 0.00 / 0.00 / 0.01          
------------------------------------------------------------------------------------------  ------  ----------------------------------------  


-------------------------------------------UserDefined Summary-------------------------------------------
Time unit: ms
-------------  ------  ----------------------------------------  ----------------------------------------  
Name           Calls   CPU Total / Avg / Max / Min / Ratio(%)    GPU Total / Avg / Max / Min / Ratio(%)    
-------------  ------  ----------------------------------------  ----------------------------------------  
---------------------------------------Thread: All threads merged----------------------------------------
resent18 eval  2       77.21 / 38.60 / 38.61 / 38.60 / 99.88     71.87 / 35.94 / 36.47 / 35.40 / 100.00    



