W0422 15:12:04.707649 118239 gpu_resources.cc:119] Please NOTE: device: 0, GPU Compute Capability: 90.0, Driver API Version: 50400.0, Runtime API Version: 50400.0
I0422 15:12:07.276155 118239 build_cinn_pass.cc:702] --- [build_cinn_pass] detected 77 cinn supported subgraphs
W0422 15:12:07.364763 118239 tensor.cc:405] The `is_initialized` method is deprecated since version 2.3, and will be removed in version 2.4! Please use `initialized` method instead.
I0422 15:12:07.365159 118239 program_interpreter.cc:221] New Executor is Running.
I0422 15:14:12.299525 118239 chrometracing_logger.cc:46] writing profiling data to ./profiler_data/resnet18/hygon/bs32_withcinn_time_2024_04_22_15_14_12_299228.paddle_trace.json
all prim enabled:  True
all prim enabled:  True
all prim enabled:  True
--[check_cinn_ouput] cinn result right.
--[benchmark] benchmark nocinn
--[benchmark] Run for 50 times, the average latency is:15.700383 ms
--[benchmark] benchmark cinn
--[benchmark] Run for 50 times, the average latency is:12.943540 ms
--[profile] profile cinn
============================================Perf Summary============================================
Time Unit: s, IPS Unit: steps/s
|                 |       avg       |       max       |       min       |
|    batch_cost   |     0.01747     |     0.04515     |     0.01239     |
|       ips       |     57.25170    |     80.74272    |     22.14855    |
-------------------Device Summary-------------------
------------------------------  --------------------  
Device                          Utilization (%)       
------------------------------  --------------------  
CPU(Process)                    233.33                
CPU(System)                     2.41                  
GPU8                            0.00                  
GPU7                            81.21                 
------------------------------  --------------------  
Note:
CPU(Process) Utilization = Current process CPU time over all cpu cores / elapsed time, so max utilization can be reached 100% * number of cpu cores.
CPU(System) Utilization = All processes CPU time over all cpu cores(busy time) / (busy time + idle time).
GPU Utilization = Current process GPU time / elapsed time.
----------------------------------------------------


---------------------------------------------Overview Summary---------------------------------------------
Time unit: ms
-------------------------  -------------------------  -------------------------  -------------------------  
Event Type                 Calls                      CPU Time                   Ratio (%)                  
-------------------------  -------------------------  -------------------------  -------------------------  
ProfileStep                2                          25.92                      100.00                     
  PythonUserDefined        2                          25.84                      99.72                      
  Forward                  2                          21.88                      84.43                      
  UserDefined              6                          20.65                      79.67                      
  Operator                 398                        20.21                      77.98                      
  OperatorInner            796                        18.99                      73.29                      
  CudaRuntime              903                        6.41                       24.71                      
-------------------------  -------------------------  -------------------------  -------------------------  
                           Calls                      GPU Time                   Ratio (%)                  
-------------------------  -------------------------  -------------------------  -------------------------  
  Memset                   6                          0.03                       0.10                       
  Memcpy                   35                         0.16                       0.61                       
  Kernel                   122                        21.05                      81.21                      
-------------------------  -------------------------  -------------------------  -------------------------  
Note:
In this table, We sum up all collected events in terms of event type.
The time of events collected on host are presented as CPU Time, and as GPU Time if on device.
Events with different types may overlap or inclusion, e.g. Operator includes OperatorInner, so the sum of ratios is not 100%.
The time of events in the same type with overlap will not calculate twice, and all time is summed after merged.
Example:
Thread 1:
  Operator: |___________|     |__________|
Thread 2:
  Operator:   |____________|     |___|
After merged:
  Result:   |______________|  |__________|

----------------------------------------------------------------------------------------------------------


-----------------------------------------------Model Summary-----------------------------------------------
Time unit: ms
---------------  ------  ----------------------------------------  ----------------------------------------  
Name             Calls   CPU Total / Avg / Max / Min / Ratio(%)    GPU Total / Avg / Max / Min / Ratio(%)    
---------------  ------  ----------------------------------------  ----------------------------------------  
ProfileStep      2       25.92 / 12.96 / 12.96 / 12.96 / 100.00    21.05 / 10.52 / 10.53 / 10.51 / 100.00    
  Forward        2       21.88 / 10.94 / 10.96 / 10.92 / 84.43     21.05 / 10.52 / 10.53 / 10.51 / 100.00    
  Others         -       4.03 / - / - / - / 15.57                  0.00 / - / - / - / 0.00                   
---------------  ------  ----------------------------------------  ----------------------------------------  
Note:
In this table, GPU time is the sum of all device(GPU) events called in the phase.
Unlike overview summary, if two device(GPU) events execute on different streams with overlap time, we sum them directly here.

-----------------------------------------------------------------------------------------------------------


----------------------------------------------------------------------Operator Summary----------------------------------------------------------------------
Time unit: ms
----------------------------------------------------  ------  ----------------------------------------  ----------------------------------------  ----------  
Name                                                  Calls   CPU Total / Avg / Max / Min / Ratio(%)    GPU Total / Avg / Max / Min / Ratio(%)    FLOPs       
----------------------------------------------------  ------  ----------------------------------------  ----------------------------------------  ----------  
-----------------------------------------------------------------Thread: All threads merged-----------------------------------------------------------------
conv2d                                                40      10.98 / 0.27 / 0.30 / 0.26 / 43.60        17.07 / 0.43 / 1.03 / 0.06 / 77.08        0           
  infer_shape                                         40      0.25 / 0.01 / 0.01 / 0.01 / 2.25          0.00 / 0.00 / 0.00 / 0.00 / 0.00          -           
  compute                                             40      10.37 / 0.26 / 0.28 / 0.24 / 94.48        17.07 / 0.43 / 1.03 / 0.06 / 100.00       -           
    miopenSp3AsmConv_v21_1_3_gfx9_fp32_stride1        26      - / - / - / - / -                         10.60 / 0.41 / 0.51 / 0.36 / 62.10        -           
    con_1x1_p0_s2_wh64_k64_n_c16_asm                  4       - / - / - / - / -                         0.33 / 0.08 / 0.10 / 0.06 / 1.96          -           
    miopenSp3AsmConv_v21_1_3_gfx9_fp32_stride2        2       - / - / - / - / -                         2.07 / 1.03 / 1.03 / 1.03 / 12.12         -           
    igemm_v4r1_1x1_dynamic_128x128x16_8x8_4x4x4x4...  2       - / - / - / - / -                         0.14 / 0.07 / 0.07 / 0.07 / 0.81          -           
    igemm_v4r1_dynamic_128x128x16_8x8_4x4x4x4x4x4...  2       - / - / - / - / -                         0.98 / 0.49 / 0.49 / 0.49 / 5.74          -           
    con_p1_s2_w16_h4_k64_n_asm                        2       - / - / - / - / -                         0.96 / 0.48 / 0.48 / 0.48 / 5.63          -           
    miopenGcnAsmConv7x7c3h224w224k64u2v2p3q3f1        2       - / - / - / - / -                         1.99 / 0.99 / 0.99 / 0.99 / 11.64         -           
cinn_launch                                           154     9.24 / 0.06 / 0.22 / 0.03 / 36.68         4.16 / 0.03 / 0.81 / 0.00 / 18.78         0           
  infer_shape                                         154     0.20 / 0.00 / 0.00 / 0.00 / 2.17          0.00 / 0.00 / 0.00 / 0.00 / 0.00          -           
  compute                                             154     8.18 / 0.05 / 0.21 / 0.03 / 88.55         4.16 / 0.03 / 0.81 / 0.00 / 100.00        -           
    MEMSET                                            5       - / - / - / - / -                         0.02 / 0.00 / 0.00 / 0.00 / 0.53          -           
    MEMCPY_DtoD                                       33      - / - / - / - / -                         0.15 / 0.00 / 0.00 / 0.00 / 3.55          -           
    fn_fill_constant_4_fill_constant_8_pow_9_25_k...  2       - / - / - / - / -                         0.01 / 0.00 / 0.00 / 0.00 / 0.16          -           
    fn_reshape_0_reshape_1_reshape_2_reshape_3_br...  2       - / - / - / - / -                         0.04 / 0.02 / 0.02 / 0.02 / 0.93          -           
    fn_fill_constant_4_fill_constant_8_pow_9_19_k...  16      - / - / - / - / -                         0.06 / 0.00 / 0.00 / 0.00 / 1.49          -           
    fn_reshape_0_reshape_1_reshape_2_reshape_3_br...  16      - / - / - / - / -                         0.92 / 0.06 / 0.12 / 0.02 / 22.24         -           
    fn_fill_constant_8_fill_constant_16_pow_17_38...  6       - / - / - / - / -                         0.02 / 0.00 / 0.00 / 0.00 / 0.53          -           
    fn_fill_constant_9_fill_constant_18_pow_19_39...  5       - / - / - / - / -                         0.03 / 0.01 / 0.01 / 0.01 / 0.70          -           
    fn_reshape_0_reshape_1_reshape_2_reshape_3_re...  5       - / - / - / - / -                         0.27 / 0.05 / 0.10 / 0.03 / 6.44          -           
    fn_fill_constant_4_fill_constant_8_pow_9_20_k...  10      - / - / - / - / -                         0.04 / 0.00 / 0.01 / 0.00 / 0.92          -           
    fn_reshape_0_reshape_1_reshape_2_reshape_3_br...  8       - / - / - / - / -                         0.70 / 0.09 / 0.13 / 0.03 / 16.95         -           
    fn_reshape_0_reshape_1_reshape_2_reshape_3_br...  2       - / - / - / - / -                         0.98 / 0.49 / 0.49 / 0.49 / 23.52         -           
cinn_instruction_run                                  204     4.96 / 0.02 / 0.04 / 0.02 / 19.72         0.92 / 0.00 / 0.32 / 0.00 / 4.14          0           
  infer_shape                                         204     0.64 / 0.00 / 0.01 / 0.00 / 12.89         0.00 / 0.00 / 0.00 / 0.00 / 0.00          -           
  compute                                             204     3.51 / 0.02 / 0.04 / 0.01 / 70.63         0.43 / 0.00 / 0.32 / 0.00 / 46.73         -           
    MEMSET                                            1       - / - / - / - / -                         0.00 / 0.00 / 0.00 / 0.00 / 1.01          -           
    fn_pool2d_20_22_kernel                            1       - / - / - / - / -                         0.32 / 0.32 / 0.32 / 0.32 / 73.99         -           
    MEMCPY_DtoD                                       1       - / - / - / - / -                         0.00 / 0.00 / 0.00 / 0.00 / 1.05          -           
    fn_reshape_0_reshape_1_reshape_2_reshape_3_re...  1       - / - / - / - / -                         0.10 / 0.10 / 0.10 / 0.10 / 23.95         -           
  fn_broadcast_to_24_elementwise_add_25_30_kernel     2       - / - / - / - / -                         0.01 / 0.00 / 0.00 / 0.00 / 1.01          -           
  fn_matmul_23_29_kernel                              2       - / - / - / - / -                         0.12 / 0.06 / 0.06 / 0.06 / 12.83         -           
  MEMCPY_DtoD                                         1       - / - / - / - / -                         0.00 / 0.00 / 0.00 / 0.00 / 0.51          -           
  fn_pool2d_21_27_kernel                              2       - / - / - / - / -                         0.03 / 0.02 / 0.02 / 0.02 / 3.74          -           
  fn_fill_constant_9_fill_constant_18_pow_19_39_k...  1       - / - / - / - / -                         0.01 / 0.01 / 0.01 / 0.01 / 0.63          -           
  fn_pool2d_20_22_kernel                              1       - / - / - / - / -                         0.32 / 0.32 / 0.32 / 0.32 / 34.56         -           
----------------------------------------------------  ------  ----------------------------------------  ----------------------------------------  ----------  


---------------------------------------------------------------Kernel Summary---------------------------------------------------------------
Time unit: ms
------------------------------------------------------------------------------------------  ------  ----------------------------------------  
Name                                                                                        Calls   GPU Total / Avg / Max / Min / Ratio(%)    
------------------------------------------------------------------------------------------  ------  ----------------------------------------  
miopenSp3AsmConv_v21_1_3_gfx9_fp32_stride1                                                  26      10.60 / 0.41 / 0.51 / 0.36 / 50.37        
miopenSp3AsmConv_v21_1_3_gfx9_fp32_stride2                                                  2       2.07 / 1.03 / 1.03 / 1.03 / 9.83          
miopenGcnAsmConv7x7c3h224w224k64u2v2p3q3f1                                                  2       1.99 / 0.99 / 0.99 / 0.99 / 9.44          
igemm_v4r1_dynamic_128x128x16_8x8_4x4x4x4x4x4_16x1x16x1_4x64                                2       0.98 / 0.49 / 0.49 / 0.49 / 4.65          
fn_reshape_0_reshape_1_reshape_2_reshape_3_broadcast_to_5_scale_7_fill_constant_10_pow_...  2       0.98 / 0.49 / 0.49 / 0.49 / 4.65          
con_p1_s2_w16_h4_k64_n_asm                                                                  2       0.96 / 0.48 / 0.48 / 0.48 / 4.57          
fn_reshape_0_reshape_1_reshape_2_reshape_3_broadcast_to_5_scale_7_fill_constant_10_pow_...  16      0.92 / 0.06 / 0.12 / 0.02 / 4.39          
fn_reshape_0_reshape_1_reshape_2_reshape_3_broadcast_to_5_scale_7_fill_constant_10_pow_...  8       0.70 / 0.09 / 0.13 / 0.03 / 3.35          
fn_pool2d_20_22_kernel                                                                      2       0.63 / 0.32 / 0.32 / 0.32 / 3.01          
fn_reshape_0_reshape_1_reshape_2_reshape_3_reshape_4_reshape_5_reshape_6_reshape_7_broa...  6       0.37 / 0.06 / 0.10 / 0.03 / 1.76          
con_1x1_p0_s2_wh64_k64_n_c16_asm                                                            4       0.33 / 0.08 / 0.10 / 0.06 / 1.59          
igemm_v4r1_1x1_dynamic_128x128x16_8x8_4x4x4x4x4x4_16x1x16x1_4x64                            2       0.14 / 0.07 / 0.07 / 0.07 / 0.66          
fn_matmul_23_29_kernel                                                                      2       0.12 / 0.06 / 0.06 / 0.06 / 0.56          
fn_fill_constant_4_fill_constant_8_pow_9_19_kernel                                          16      0.06 / 0.00 / 0.00 / 0.00 / 0.29          
fn_reshape_0_reshape_1_reshape_2_reshape_3_broadcast_to_5_scale_7_fill_constant_10_pow_...  2       0.04 / 0.02 / 0.02 / 0.02 / 0.18          
fn_fill_constant_4_fill_constant_8_pow_9_20_kernel                                          10      0.04 / 0.00 / 0.01 / 0.00 / 0.18          
fn_fill_constant_9_fill_constant_18_pow_19_39_kernel                                        6       0.03 / 0.01 / 0.01 / 0.01 / 0.16          
fn_pool2d_21_27_kernel                                                                      2       0.03 / 0.02 / 0.02 / 0.02 / 0.16          
fn_fill_constant_8_fill_constant_16_pow_17_38_kernel                                        6       0.02 / 0.00 / 0.00 / 0.00 / 0.10          
fn_broadcast_to_24_elementwise_add_25_30_kernel                                             2       0.01 / 0.00 / 0.00 / 0.00 / 0.04          
fn_fill_constant_4_fill_constant_8_pow_9_25_kernel                                          2       0.01 / 0.00 / 0.00 / 0.00 / 0.03          
------------------------------------------------------------------------------------------  ------  ----------------------------------------  


-------------------------------------------UserDefined Summary-------------------------------------------
Time unit: ms
-------------  ------  ----------------------------------------  ----------------------------------------  
Name           Calls   CPU Total / Avg / Max / Min / Ratio(%)    GPU Total / Avg / Max / Min / Ratio(%)    
-------------  ------  ----------------------------------------  ----------------------------------------  
---------------------------------------Thread: All threads merged----------------------------------------
resent18 eval  2       25.84 / 12.92 / 12.92 / 12.92 / 99.72     21.23 / 10.61 / 10.63 / 10.60 / 100.00    



