W0419 16:59:58.918893 28729 gpu_resources.cc:119] Please NOTE: device: 0, GPU Compute Capability: 90.0, Driver API Version: 50400.0, Runtime API Version: 50400.0
I0419 17:00:01.513058 28729 build_cinn_pass.cc:702] --- [build_cinn_pass] detected 77 cinn supported subgraphs
W0419 17:00:01.600481 28729 tensor.cc:405] The `is_initialized` method is deprecated since version 2.3, and will be removed in version 2.4! Please use `initialized` method instead.
I0419 17:00:01.600858 28729 program_interpreter.cc:221] New Executor is Running.
I0419 17:02:07.364730 28729 chrometracing_logger.cc:46] writing profiling data to ./profiler_data/resnet18/hygon/bs32_withcinn_time_2024_04_19_17_02_07_364485.paddle_trace.json
all prim enabled:  True
all prim enabled:  True
all prim enabled:  True
--[check_cinn_ouput] cinn result right.
--[benchmark] benchmark nocinn
--[benchmark] Run for 50 times, the average latency is:15.141664 ms
--[check_cinn_ouput] cinn result right.
--[benchmark] benchmark cinn
--[benchmark] Run for 50 times, the average latency is:8.941998 ms
--[profile] profile cinn
============================================Perf Summary============================================
Time Unit: s, IPS Unit: steps/s
|                 |       avg       |       max       |       min       |
|    batch_cost   |     0.01783     |     0.04784     |     0.01247     |
|       ips       |     56.07567    |     80.18672    |     20.90383    |
-------------------Device Summary-------------------
------------------------------  --------------------  
Device                          Utilization (%)       
------------------------------  --------------------  
CPU(Process)                    233.33                
CPU(System)                     4.49                  
GPU8                            0.00                  
GPU7                            80.69                 
------------------------------  --------------------  
Note:
CPU(Process) Utilization = Current process CPU time over all cpu cores / elapsed time, so max utilization can be reached 100% * number of cpu cores.
CPU(System) Utilization = All processes CPU time over all cpu cores(busy time) / (busy time + idle time).
GPU Utilization = Current process GPU time / elapsed time.
----------------------------------------------------


---------------------------------------------Overview Summary---------------------------------------------
Time unit: ms
-------------------------  -------------------------  -------------------------  -------------------------  
Event Type                 Calls                      CPU Time                   Ratio (%)                  
-------------------------  -------------------------  -------------------------  -------------------------  
ProfileStep                2                          26.05                      100.00                     
  PythonUserDefined        2                          25.96                      99.64                      
  Forward                  2                          22.77                      87.40                      
  UserDefined              6                          21.55                      82.71                      
  Operator                 398                        21.06                      80.83                      
  OperatorInner            796                        19.81                      76.05                      
  CudaRuntime              972                        6.38                       24.48                      
-------------------------  -------------------------  -------------------------  -------------------------  
                           Calls                      GPU Time                   Ratio (%)                  
-------------------------  -------------------------  -------------------------  -------------------------  
  Memset                   35                         0.15                       0.59                       
  Memcpy                   77                         0.35                       1.33                       
  Kernel                   120                        21.02                      80.69                      
-------------------------  -------------------------  -------------------------  -------------------------  
Note:
In this table, We sum up all collected events in terms of event type.
The time of events collected on host are presented as CPU Time, and as GPU Time if on device.
Events with different types may overlap or inclusion, e.g. Operator includes OperatorInner, so the sum of ratios is not 100%.
The time of events in the same type with overlap will not calculate twice, and all time is summed after merged.
Example:
Thread 1:
  Operator: |___________|     |__________|
Thread 2:
  Operator:   |____________|     |___|
After merged:
  Result:   |______________|  |__________|

----------------------------------------------------------------------------------------------------------


-----------------------------------------------Model Summary-----------------------------------------------
Time unit: ms
---------------  ------  ----------------------------------------  ----------------------------------------  
Name             Calls   CPU Total / Avg / Max / Min / Ratio(%)    GPU Total / Avg / Max / Min / Ratio(%)    
---------------  ------  ----------------------------------------  ----------------------------------------  
ProfileStep      2       26.05 / 13.03 / 13.13 / 12.93 / 100.00    21.02 / 10.51 / 10.54 / 10.48 / 100.00    
  Forward        2       22.77 / 11.38 / 11.57 / 11.20 / 87.40     21.02 / 10.51 / 10.54 / 10.48 / 100.00    
  Others         -       3.28 / - / - / - / 12.60                  0.00 / - / - / - / 0.00                   
---------------  ------  ----------------------------------------  ----------------------------------------  
Note:
In this table, GPU time is the sum of all device(GPU) events called in the phase.
Unlike overview summary, if two device(GPU) events execute on different streams with overlap time, we sum them directly here.

-----------------------------------------------------------------------------------------------------------


----------------------------------------------------------------------Operator Summary----------------------------------------------------------------------
Time unit: ms
----------------------------------------------------  ------  ----------------------------------------  ----------------------------------------  ----------  
Name                                                  Calls   CPU Total / Avg / Max / Min / Ratio(%)    GPU Total / Avg / Max / Min / Ratio(%)    FLOPs       
----------------------------------------------------  ------  ----------------------------------------  ----------------------------------------  ----------  
-----------------------------------------------------------------Thread: All threads merged-----------------------------------------------------------------
conv2d                                                40      11.10 / 0.28 / 0.38 / 0.26 / 41.80        17.08 / 0.43 / 1.03 / 0.06 / 76.36        0           
  infer_shape                                         40      0.25 / 0.01 / 0.01 / 0.01 / 2.26          0.00 / 0.00 / 0.00 / 0.00 / 0.00          -           
  compute                                             40      10.50 / 0.26 / 0.37 / 0.24 / 94.55        17.08 / 0.43 / 1.03 / 0.06 / 100.00       -           
    miopenSp3AsmConv_v21_1_3_gfx9_fp32_stride1        26      - / - / - / - / -                         10.61 / 0.41 / 0.50 / 0.36 / 62.15        -           
    con_1x1_p0_s2_wh64_k64_n_c16_asm                  4       - / - / - / - / -                         0.33 / 0.08 / 0.10 / 0.06 / 1.94          -           
    miopenSp3AsmConv_v21_1_3_gfx9_fp32_stride2        2       - / - / - / - / -                         2.07 / 1.03 / 1.03 / 1.03 / 12.12         -           
    igemm_v4r1_1x1_dynamic_128x128x16_8x8_4x4x4x4...  2       - / - / - / - / -                         0.14 / 0.07 / 0.07 / 0.07 / 0.81          -           
    igemm_v4r1_dynamic_128x128x16_8x8_4x4x4x4x4x4...  2       - / - / - / - / -                         0.98 / 0.49 / 0.49 / 0.49 / 5.73          -           
    con_p1_s2_w16_h4_k64_n_asm                        2       - / - / - / - / -                         0.96 / 0.48 / 0.48 / 0.48 / 5.63          -           
    miopenGcnAsmConv7x7c3h224w224k64u2v2p3q3f1        2       - / - / - / - / -                         1.99 / 0.99 / 0.99 / 0.99 / 11.63         -           
cinn_launch                                           154     9.95 / 0.06 / 0.25 / 0.04 / 37.48         4.44 / 0.03 / 0.82 / 0.00 / 19.86         0           
  infer_shape                                         154     0.21 / 0.00 / 0.00 / 0.00 / 2.08          0.00 / 0.00 / 0.00 / 0.00 / 0.00          -           
  compute                                             154     8.86 / 0.06 / 0.24 / 0.03 / 88.96         4.44 / 0.03 / 0.82 / 0.00 / 100.00        -           
    MEMSET                                            35      - / - / - / - / -                         0.15 / 0.00 / 0.00 / 0.00 / 3.48          -           
    MEMCPY_DtoD                                       70      - / - / - / - / -                         0.31 / 0.00 / 0.00 / 0.00 / 7.03          -           
    fn_fill_constant_4_fill_constant_8_pow_9_25_k...  2       - / - / - / - / -                         0.01 / 0.00 / 0.00 / 0.00 / 0.17          -           
    fn_reshape_0_reshape_1_reshape_2_reshape_3_br...  2       - / - / - / - / -                         0.04 / 0.02 / 0.02 / 0.02 / 0.86          -           
    fn_fill_constant_4_fill_constant_8_pow_9_19_k...  16      - / - / - / - / -                         0.07 / 0.00 / 0.01 / 0.00 / 1.60          -           
    fn_reshape_0_reshape_1_reshape_2_reshape_3_br...  15      - / - / - / - / -                         0.86 / 0.06 / 0.12 / 0.02 / 19.36         -           
    fn_fill_constant_8_fill_constant_16_pow_17_38...  5       - / - / - / - / -                         0.02 / 0.00 / 0.00 / 0.00 / 0.42          -           
    fn_fill_constant_9_fill_constant_18_pow_19_39...  5       - / - / - / - / -                         0.03 / 0.01 / 0.01 / 0.01 / 0.64          -           
    fn_reshape_0_reshape_1_reshape_2_reshape_3_re...  6       - / - / - / - / -                         0.37 / 0.06 / 0.10 / 0.03 / 8.35          -           
    fn_fill_constant_4_fill_constant_8_pow_9_20_k...  8       - / - / - / - / -                         0.03 / 0.00 / 0.01 / 0.00 / 0.74          -           
    fn_reshape_0_reshape_1_reshape_2_reshape_3_br...  8       - / - / - / - / -                         0.71 / 0.09 / 0.13 / 0.03 / 16.04         -           
    fn_reshape_0_reshape_1_reshape_2_reshape_3_br...  2       - / - / - / - / -                         0.99 / 0.50 / 0.50 / 0.49 / 22.29         -           
cinn_instruction_run                                  204     5.50 / 0.03 / 0.12 / 0.02 / 20.72         0.84 / 0.00 / 0.32 / 0.00 / 3.78          0           
  infer_shape                                         204     0.73 / 0.00 / 0.01 / 0.00 / 13.22         0.00 / 0.00 / 0.00 / 0.00 / 0.00          -           
  compute                                             204     3.94 / 0.02 / 0.11 / 0.01 / 71.61         0.01 / 0.00 / 0.00 / 0.00 / 1.50          -           
    MEMCPY_DtoD                                       2       - / - / - / - / -                         0.01 / 0.00 / 0.00 / 0.00 / 70.89         -           
    fn_fill_constant_8_fill_constant_16_pow_17_38...  1       - / - / - / - / -                         0.00 / 0.00 / 0.00 / 0.00 / 29.11         -           
  fn_broadcast_to_24_elementwise_add_25_30_kernel     2       - / - / - / - / -                         0.01 / 0.00 / 0.00 / 0.00 / 1.12          -           
  fn_matmul_23_29_kernel                              2       - / - / - / - / -                         0.12 / 0.06 / 0.06 / 0.06 / 13.80         -           
  MEMCPY_DtoD                                         5       - / - / - / - / -                         0.03 / 0.01 / 0.01 / 0.00 / 3.05          -           
  fn_pool2d_21_27_kernel                              2       - / - / - / - / -                         0.03 / 0.02 / 0.02 / 0.02 / 4.07          -           
  fn_fill_constant_9_fill_constant_18_pow_19_39_k...  1       - / - / - / - / -                         0.01 / 0.01 / 0.01 / 0.01 / 0.68          -           
  fn_pool2d_20_22_kernel                              2       - / - / - / - / -                         0.63 / 0.32 / 0.32 / 0.32 / 75.14         -           
  fn_fill_constant_4_fill_constant_8_pow_9_20_kernel  1       - / - / - / - / -                         0.01 / 0.01 / 0.01 / 0.01 / 0.64          -           
----------------------------------------------------  ------  ----------------------------------------  ----------------------------------------  ----------  


---------------------------------------------------------------Kernel Summary---------------------------------------------------------------
Time unit: ms
------------------------------------------------------------------------------------------  ------  ----------------------------------------  
Name                                                                                        Calls   GPU Total / Avg / Max / Min / Ratio(%)    
------------------------------------------------------------------------------------------  ------  ----------------------------------------  
miopenSp3AsmConv_v21_1_3_gfx9_fp32_stride1                                                  26      10.61 / 0.41 / 0.50 / 0.36 / 50.50        
miopenSp3AsmConv_v21_1_3_gfx9_fp32_stride2                                                  2       2.07 / 1.03 / 1.03 / 1.03 / 9.84          
miopenGcnAsmConv7x7c3h224w224k64u2v2p3q3f1                                                  2       1.99 / 0.99 / 0.99 / 0.99 / 9.45          
fn_reshape_0_reshape_1_reshape_2_reshape_3_broadcast_to_5_scale_7_fill_constant_10_pow_...  2       0.99 / 0.50 / 0.50 / 0.49 / 4.71          
igemm_v4r1_dynamic_128x128x16_8x8_4x4x4x4x4x4_16x1x16x1_4x64                                2       0.98 / 0.49 / 0.49 / 0.49 / 4.65          
con_p1_s2_w16_h4_k64_n_asm                                                                  2       0.96 / 0.48 / 0.48 / 0.48 / 4.57          
fn_reshape_0_reshape_1_reshape_2_reshape_3_broadcast_to_5_scale_7_fill_constant_10_pow_...  15      0.86 / 0.06 / 0.12 / 0.02 / 4.09          
fn_reshape_0_reshape_1_reshape_2_reshape_3_broadcast_to_5_scale_7_fill_constant_10_pow_...  8       0.71 / 0.09 / 0.13 / 0.03 / 3.39          
fn_pool2d_20_22_kernel                                                                      2       0.63 / 0.32 / 0.32 / 0.32 / 3.02          
fn_reshape_0_reshape_1_reshape_2_reshape_3_reshape_4_reshape_5_reshape_6_reshape_7_broa...  6       0.37 / 0.06 / 0.10 / 0.03 / 1.76          
con_1x1_p0_s2_wh64_k64_n_c16_asm                                                            4       0.33 / 0.08 / 0.10 / 0.06 / 1.58          
igemm_v4r1_1x1_dynamic_128x128x16_8x8_4x4x4x4x4x4_16x1x16x1_4x64                            2       0.14 / 0.07 / 0.07 / 0.07 / 0.66          
fn_matmul_23_29_kernel                                                                      2       0.12 / 0.06 / 0.06 / 0.06 / 0.55          
fn_fill_constant_4_fill_constant_8_pow_9_19_kernel                                          16      0.07 / 0.00 / 0.01 / 0.00 / 0.34          
fn_reshape_0_reshape_1_reshape_2_reshape_3_broadcast_to_5_scale_7_fill_constant_10_pow_...  2       0.04 / 0.02 / 0.02 / 0.02 / 0.18          
fn_fill_constant_4_fill_constant_8_pow_9_20_kernel                                          9       0.04 / 0.00 / 0.01 / 0.00 / 0.18          
fn_pool2d_21_27_kernel                                                                      2       0.03 / 0.02 / 0.02 / 0.02 / 0.16          
fn_fill_constant_9_fill_constant_18_pow_19_39_kernel                                        6       0.03 / 0.01 / 0.01 / 0.01 / 0.16          
fn_fill_constant_8_fill_constant_16_pow_17_38_kernel                                        6       0.02 / 0.00 / 0.00 / 0.00 / 0.11          
fn_broadcast_to_24_elementwise_add_25_30_kernel                                             2       0.01 / 0.00 / 0.00 / 0.00 / 0.04          
fn_fill_constant_4_fill_constant_8_pow_9_25_kernel                                          2       0.01 / 0.00 / 0.00 / 0.00 / 0.04          
------------------------------------------------------------------------------------------  ------  ----------------------------------------  


-------------------------------------------UserDefined Summary-------------------------------------------
Time unit: ms
-------------  ------  ----------------------------------------  ----------------------------------------  
Name           Calls   CPU Total / Avg / Max / Min / Ratio(%)    GPU Total / Avg / Max / Min / Ratio(%)    
-------------  ------  ----------------------------------------  ----------------------------------------  
---------------------------------------Thread: All threads merged----------------------------------------
resent18 eval  2       25.96 / 12.98 / 13.08 / 12.88 / 99.64     21.52 / 10.76 / 10.79 / 10.73 / 100.00    



